app/build/outputs/logs/manifest-merger-debug-report.txt
-- Merging decision tree log ---
manifest
ADDED from src/main/AndroidManifest.xml:2:1-82:12
	package
		ADDED from src/main/AndroidManifest.xml:3:5-52
		INJECTED from src/main/AndroidManifest.xml
		INJECTED from src/main/AndroidManifest.xml
	android:versionName
		INJECTED from src/main/AndroidManifest.xml
		INJECTED from src/main/AndroidManifest.xml
	xmlns:android
		ADDED from src/main/AndroidManifest.xml:2:11-69
	android:versionCode
		INJECTED from src/main/AndroidManifest.xml
		INJECTED from src/main/AndroidManifest.xml
uses-permission#android.permission.WRITE_EXTERNAL_STORAGE
ADDED from src/main/AndroidManifest.xml:5:5-81
	android:name
		ADDED from src/main/AndroidManifest.xml:5:22-78
uses-permission#android.permission.INTERNET
ADDED from src/main/AndroidManifest.xml:6:5-67
	android:name
		ADDED from src/main/AndroidManifest.xml:6:22-64
uses-permission#android.permission.BATTERY_STATS
ADDED from src/main/AndroidManifest.xml:7:5-72
	android:name
		ADDED from src/main/AndroidManifest.xml:7:22-69
uses-permission#android.permission.READ_PHONE_STATE
ADDED from src/main/AndroidManifest.xml:8:5-75
	android:name
		ADDED from src/main/AndroidManifest.xml:8:22-72
uses-permission#android.permission.SYSTEM_ALERT_WINDOW
ADDED from src/main/AndroidManifest.xml:9:5-78
	android:name
		ADDED from src/main/AndroidManifest.xml:9:22-75
uses-permission#android.permission.RECEIVE_BOOT_COMPLETED
ADDED from src/main/AndroidManifest.xml:10:5-81
	android:name
		ADDED from src/main/AndroidManifest.xml:10:22-78
uses-permission#android.permission.BIND_ACCESSIBILITY_SERVICE
ADDED from src/main/AndroidManifest.xml:11:5-85
	android:name
		ADDED from src/main/AndroidManifest.xml:11:22-82
uses-permission#android.permission.ACCESS_WIFI_STATE
ADDED from src/main/AndroidManifest.xml:12:5-76
	android:name
		ADDED from src/main/AndroidManifest.xml:12:22-73
uses-permission#android.permission.ACCESS_NETWORK_STATE
ADDED from src/main/AndroidManifest.xml:13:5-79
	android:name
		ADDED from src/main/AndroidManifest.xml:13:22-76
uses-permission#android.permission.CHANGE_NETWORK_STATE
ADDED from src/main/AndroidManifest.xml:14:5-79
	android:name
		ADDED from src/main/AndroidManifest.xml:14:22-76
uses-permission#android.permission.CHANGE_WIFI_STATE
ADDED from src/main/AndroidManifest.xml:15:5-76
	android:name
		ADDED from src/main/AndroidManifest.xml:15:22-73
uses-permission#android.permission.VIBRATE
ADDED from src/main/AndroidManifest.xml:16:5-66
	android:name
		ADDED from src/main/AndroidManifest.xml:16:22-63
uses-permission#android.permission.BROADCAST_STICKY
ADDED from src/main/AndroidManifest.xml:17:5-75
	android:name
		ADDED from src/main/AndroidManifest.xml:17:22-72
uses-permission#android.permission.WAKE_LOCK
ADDED from src/main/AndroidManifest.xml:18:5-68
	android:name
		ADDED from src/main/AndroidManifest.xml:18:22-65
application
ADDED from src/main/AndroidManifest.xml:21:5-79:19
MERGED from [com.android.support:appcompat-v7:22.2.1] AndroidManifest.xml:22:5-20
MERGED from [com.android.support:support-v4:22.2.1] AndroidManifest.xml:22:5-20
	android:label
		ADDED from src/main/AndroidManifest.xml:25:9-41
	android:supportsRtl
		ADDED from src/main/AndroidManifest.xml:26:9-35
	android:excludeFromRecents
		ADDED from src/main/AndroidManifest.xml:23:9-42
	android:allowBackup
		ADDED from src/main/AndroidManifest.xml:22:9-35
	android:icon
		ADDED from src/main/AndroidManifest.xml:24:9-43
	android:theme
		ADDED from src/main/AndroidManifest.xml:27:9-40
activity#com.example.administrator.topactivity.MainActivity
ADDED from src/main/AndroidManifest.xml:29:9-36:20
	android:excludeFromRecents
		ADDED from src/main/AndroidManifest.xml:31:13-46
	android:name
		ADDED from src/main/AndroidManifest.xml:30:13-41
intent-filter#android.intent.action.MAIN+android.intent.category.LAUNCHER
ADDED from src/main/AndroidManifest.xml:32:13-35:29
action#android.intent.action.MAIN
ADDED from src/main/AndroidManifest.xml:33:17-69
	android:name
		ADDED from src/main/AndroidManifest.xml:33:25-66
category#android.intent.category.LAUNCHER
ADDED from src/main/AndroidManifest.xml:34:17-77
	android:name
		ADDED from src/main/AndroidManifest.xml:34:27-74
service#com.example.administrator.topactivity.CheckService
ADDED from src/main/AndroidManifest.xml:38:9-42:40
	android:process
		ADDED from src/main/AndroidManifest.xml:42:13-37
	android:excludeFromRecents
		ADDED from src/main/AndroidManifest.xml:40:13-46
	android:priority
		ADDED from src/main/AndroidManifest.xml:41:13-42
	android:name
		ADDED from src/main/AndroidManifest.xml:39:13-41
service#com.example.administrator.topactivity.HookService
ADDED from src/main/AndroidManifest.xml:44:9-55:19
	android:label
		ADDED from src/main/AndroidManifest.xml:47:13-33
	android:excludeFromRecents
		ADDED from src/main/AndroidManifest.xml:46:13-46
	android:permission
		ADDED from src/main/AndroidManifest.xml:48:13-79
	android:name
		ADDED from src/main/AndroidManifest.xml:45:13-40
intent-filter#android.accessibilityservice.AccessibilityService
ADDED from src/main/AndroidManifest.xml:49:13-51:29
	android:priority
		ADDED from src/main/AndroidManifest.xml:49:28-57
action#android.accessibilityservice.AccessibilityService
ADDED from src/main/AndroidManifest.xml:50:17-92
	android:name
		ADDED from src/main/AndroidManifest.xml:50:25-89
meta-data#android.accessibilityservice
ADDED from src/main/AndroidManifest.xml:52:13-54:72
	android:resource
		ADDED from src/main/AndroidManifest.xml:54:17-69
	android:name
		ADDED from src/main/AndroidManifest.xml:53:17-60
receiver#com.example.administrator.topactivity.AlarmReceiver
ADDED from src/main/AndroidManifest.xml:58:9-78:20
	android:enabled
		ADDED from src/main/AndroidManifest.xml:60:13-35
	android:process
		ADDED from src/main/AndroidManifest.xml:64:13-37
	android:excludeFromRecents
		ADDED from src/main/AndroidManifest.xml:61:13-46
	android:exported
		ADDED from src/main/AndroidManifest.xml:62:13-37
	android:priority
		ADDED from src/main/AndroidManifest.xml:63:13-42
	android:name
		ADDED from src/main/AndroidManifest.xml:59:13-79
intent-filter#android.intent.action.BOOT_COMPLETED+android.intent.action.PACKAGE_ADDED+android.intent.action.PACKAGE_CHANGED+android.intent.action.PACKAGE_DATA_CLEARED+android.intent.action.PACKAGE_INSTALL+android.intent.action.PACKAGE_REMOVED+android.intent.action.PACKAGE_REPLACED+android.intent.action.PACKAGE_RESTARTED+android.intent.action.USER_PRESENT+android.net.conn.CONNECTIVITY_CHANGE+com.wyt.android.intent.alarm
ADDED from src/main/AndroidManifest.xml:65:13-77:29
action#android.intent.action.PACKAGE_ADDED
ADDED from src/main/AndroidManifest.xml:66:17-78
	android:name
		ADDED from src/main/AndroidManifest.xml:66:25-75
action#android.intent.action.PACKAGE_CHANGED
ADDED from src/main/AndroidManifest.xml:67:17-80
	android:name
		ADDED from src/main/AndroidManifest.xml:67:25-77
action#android.intent.action.PACKAGE_DATA_CLEARED
ADDED from src/main/AndroidManifest.xml:68:17-85
	android:name
		ADDED from src/main/AndroidManifest.xml:68:25-82
action#android.intent.action.PACKAGE_INSTALL
ADDED from src/main/AndroidManifest.xml:69:17-80
	android:name
		ADDED from src/main/AndroidManifest.xml:69:25-77
action#android.intent.action.PACKAGE_REMOVED
ADDED from src/main/AndroidManifest.xml:70:17-80
	android:name
		ADDED from src/main/AndroidManifest.xml:70:25-77
action#android.intent.action.PACKAGE_REPLACED
ADDED from src/main/AndroidManifest.xml:71:17-81
	android:name
		ADDED from src/main/AndroidManifest.xml:71:25-78
action#android.intent.action.PACKAGE_RESTARTED
ADDED from src/main/AndroidManifest.xml:72:17-82
	android:name
		ADDED from src/main/AndroidManifest.xml:72:25-79
action#android.intent.action.USER_PRESENT
ADDED from src/main/AndroidManifest.xml:73:17-77
	android:name
		ADDED from src/main/AndroidManifest.xml:73:25-74
action#android.net.conn.CONNECTIVITY_CHANGE
ADDED from src/main/AndroidManifest.xml:74:17-79
	android:name
		ADDED from src/main/AndroidManifest.xml:74:25-76
action#android.intent.action.BOOT_COMPLETED
ADDED from src/main/AndroidManifest.xml:75:17-79
	android:name
		ADDED from src/main/AndroidManifest.xml:75:25-76
action#com.wyt.android.intent.alarm
ADDED from src/main/AndroidManifest.xml:76:17-71
	android:name
		ADDED from src/main/AndroidManifest.xml:76:25-68
uses-sdk
INJECTED from src/main/AndroidManifest.xml reason: use-sdk injection requested
MERGED from [com.android.support:appcompat-v7:22.2.1] AndroidManifest.xml:20:5-43
MERGED from [com.android.support:support-v4:22.2.1] AndroidManifest.xml:20:5-43
	android:targetSdkVersion
		INJECTED from src/main/AndroidManifest.xml
		INJECTED from src/main/AndroidManifest.xml
	android:minSdkVersion
		INJECTED from src/main/AndroidManifest.xml
		INJECTED from src/main/AndroidManifest.xml